Drill report for C:\Users\mike\Documents\Kicad\D75F_Board\D75F_Board.kicad_pcb
Created on 31/12/2018 21:56:34

Copper Layer Stackup:
    =============================================================
    L1 :  F.Cu                      front
    L2 :  B.Cu                      back


Drill file 'D75F_Board-PTH.drl' contains
    plated through holes:
    =============================================================
    T1  0.40mm  0.016"  (27 holes)
    T2  0.80mm  0.031"  (4 holes)
    T3  1.20mm  0.047"  (2 holes)
    T4  1.50mm  0.059"  (1 hole)
    T5  1.70mm  0.067"  (4 holes)

    Total plated holes count 38


Drill file 'D75F_Board-NPTH.drl' contains
    unplated through holes:
    =============================================================
    T1  2.70mm  0.106"  (4 holes)

    Total unplated holes count 4
